<?xml version="1.0" encoding="UTF-8"?>
<!-- Generated by org.testng.reporters.JUnitXMLReporter -->
<testsuite ignored="0" hostname="Ashutosh" failures="0" tests="3" name="Default test" time="28.583" errors="0" timestamp="2022-08-23T13:54:16 IST">
  <testcase classname="Test.HomePageTest" name="addSerchedStockToWishlist" time="4.305"/>
  <testcase classname="Test.HomePageTest" name="buySerchedStock" time="4.156"/>
  <testcase classname="Test.HomePageTest" name="sellSerchedStock" time="4.182"/>
</testsuite> <!-- Default test -->
